<?xml version="1.0" encoding="UTF-8"?>
<!-- Generated by org.testng.reporters.JUnitReportReporter -->
<testsuite hostname="ATMECSINDT-034" failures="0" tests="1" name="com.atmecs.demoqawebsite.testscripts.ValidateColorAndSortTest" time="8.161" errors="0" timestamp="28 Aug 2019 14:11:46 GMT" skipped="0">
  <testcase classname="com.atmecs.demoqawebsite.testscripts.ValidateColorAndSortTest" name="sorting" time="8.161"/>
</testsuite> <!-- com.atmecs.demoqawebsite.testscripts.ValidateColorAndSortTest -->
