<?xml version="1.0" encoding="UTF-8"?>
<!-- Generated by org.testng.reporters.JUnitReportReporter -->
<testsuite hostname="ATMECSINDT-034" failures="0" tests="1" name="com.atmecs.demoqawebsite.testscripts.ValidateByColorFilter" time="6.072" errors="0" timestamp="28 Aug 2019 14:11:47 GMT" skipped="0">
  <testcase classname="com.atmecs.demoqawebsite.testscripts.ValidateByColorFilter" name="NavigateToUrl" time="6.072"/>
</testsuite> <!-- com.atmecs.demoqawebsite.testscripts.ValidateByColorFilter -->
