<?xml version="1.0" encoding="UTF-8"?>
<!-- Generated by org.testng.reporters.JUnitReportReporter -->
<testsuite hostname="ATMECSINDT-034" failures="0" tests="1" name="com.atmecs.demoqawebsite.testscripts.Hello" time="0.015" errors="0" timestamp="2019-08-28T19:38:11 IST" skipped="0">
  <testcase classname="com.atmecs.demoqawebsite.testscripts.Hello" name="hello" time="0.015"/>
</testsuite> <!-- com.atmecs.demoqawebsite.testscripts.Hello -->
